<?xml version="1.0" encoding="UTF-8"?>
<!-- Generated by org.testng.reporters.JUnitReportReporter -->
<testsuite skipped="0" hostname="Sarvesh" name="QCAssignment.SarAssignment.AssignmentTest" tests="2" failures="0" timestamp="2021-10-19T13:38:55 IST" time="60.742" errors="0">
  <testcase name="testcase4" time="53.170" classname="QCAssignment.SarAssignment.AssignmentTest"/>
  <system-out/>
  <testcase name="Driver_Init" time="7.572" classname="QCAssignment.SarAssignment.AssignmentTest"/>
  <system-out/>
</testsuite> <!-- QCAssignment.SarAssignment.AssignmentTest -->
