<?xml version="1.0" encoding="UTF-8"?>
<!-- Generated by org.testng.reporters.JUnitReportReporter -->
<testsuite skipped="0" hostname="Sarvesh" name="QCAssignment.SarAssignment.attemptQuiz" tests="1" failures="0" timestamp="2021-10-20T19:36:33 IST" time="52.433" errors="0">
  <testcase name="Quiz" time="52.433" classname="QCAssignment.SarAssignment.attemptQuiz"/>
  <system-out/>
</testsuite> <!-- QCAssignment.SarAssignment.attemptQuiz -->
