<?xml version="1.0" encoding="UTF-8"?>
<!-- Generated by org.testng.reporters.JUnitReportReporter -->
<testsuite skipped="0" hostname="Sarvesh" name="QCAssignment.SarAssignment.UserLoginTest" tests="1" failures="0" timestamp="2021-10-19T16:59:41 IST" time="33.984" errors="0">
  <testcase name="studentLogin" time="33.984" classname="QCAssignment.SarAssignment.UserLoginTest"/>
  <system-out/>
</testsuite> <!-- QCAssignment.SarAssignment.UserLoginTest -->
