<?xml version="1.0" encoding="UTF-8"?>
<!-- Generated by org.testng.reporters.JUnitReportReporter -->
<testsuite skipped="0" hostname="Sarvesh" name="QCAssignment.SarAssignment.view_down_certificate" tests="1" failures="0" timestamp="2021-10-19T13:46:23 IST" time="67.633" errors="0">
  <testcase name="cert" time="67.633" classname="QCAssignment.SarAssignment.view_down_certificate"/>
  <system-out/>
</testsuite> <!-- QCAssignment.SarAssignment.view_down_certificate -->
