<?xml version="1.0" encoding="UTF-8"?>
<!-- Generated by org.testng.reporters.JUnitReportReporter -->
<testsuite skipped="0" hostname="Sarvesh" name="QCAssignment.SarAssignment.feedbackTest" tests="1" failures="0" timestamp="2021-10-20T11:44:06 IST" time="49.388" errors="0">
  <testcase name="feedback" time="49.388" classname="QCAssignment.SarAssignment.feedbackTest"/>
  <system-out/>
</testsuite> <!-- QCAssignment.SarAssignment.feedbackTest -->
