<?xml version="1.0" encoding="UTF-8"?>
<!-- Generated by org.testng.reporters.JUnitReportReporter -->
<testsuite skipped="0" hostname="Sarvesh" name="admin_package.createCourTest" tests="1" failures="0" timestamp="2021-10-21T10:01:59 IST" time="71.645" errors="0">
  <testcase name="courseCreation" time="71.645" classname="admin_package.createCourTest"/>
  <system-out/>
</testsuite> <!-- admin_package.createCourTest -->
