<?xml version="1.0" encoding="UTF-8"?>
<!-- Generated by org.testng.reporters.JUnitReportReporter -->
<testsuite skipped="0" hostname="Sarvesh" name="QCAssignment.SarAssignment.courseenroll" tests="1" failures="0" timestamp="2021-10-20T10:03:28 IST" time="43.178" errors="0">
  <testcase name="enrollTest" time="43.178" classname="QCAssignment.SarAssignment.courseenroll"/>
  <system-out/>
</testsuite> <!-- QCAssignment.SarAssignment.courseenroll -->
