<?xml version="1.0" encoding="UTF-8"?>
<!-- Generated by org.testng.reporters.JUnitReportReporter -->
<testsuite skipped="0" hostname="Sarvesh" name="QCAssignment.SarAssignment.stu_profileTest" tests="1" failures="0" timestamp="2021-10-19T16:55:07 IST" time="54.232" errors="0">
  <testcase name="studentProfile" time="54.232" classname="QCAssignment.SarAssignment.stu_profileTest"/>
  <system-out/>
</testsuite> <!-- QCAssignment.SarAssignment.stu_profileTest -->
