<?xml version="1.0" encoding="UTF-8"?>
<!-- Generated by org.testng.reporters.JUnitReportReporter -->
<testsuite skipped="0" hostname="Sarvesh" name="admin_package.report_downTest" tests="1" failures="0" timestamp="2021-10-21T10:01:59 IST" time="56.125" errors="0">
  <testcase name="reportsDownload" time="56.125" classname="admin_package.report_downTest"/>
  <system-out/>
</testsuite> <!-- admin_package.report_downTest -->
