<?xml version="1.0" encoding="UTF-8"?>
<!-- Generated by org.testng.reporters.JUnitReportReporter -->
<testsuite skipped="0" hostname="Sarvesh" name="admin_package.report_downTest" tests="1" failures="0" timestamp="2021-10-19T21:28:14 IST" time="45.022" errors="0">
  <testcase name="reportsDownload" time="45.022" classname="admin_package.report_downTest"/>
  <system-out/>
</testsuite> <!-- admin_package.report_downTest -->
