<?xml version="1.0" encoding="UTF-8"?>
<!-- Generated by org.testng.reporters.JUnitReportReporter -->
<testsuite skipped="0" hostname="Sarvesh" name="admin_package.admin_userEdit" tests="1" failures="0" timestamp="2021-10-19T17:52:23 IST" time="87.143" errors="0">
  <testcase name="EditUserTest" time="87.143" classname="admin_package.admin_userEdit"/>
  <system-out/>
</testsuite> <!-- admin_package.admin_userEdit -->
