<?xml version="1.0" encoding="UTF-8"?>
<!-- Generated by org.testng.reporters.JUnitReportReporter -->
<testsuite skipped="0" hostname="Sarvesh" name="admin_package.delete_user" tests="1" failures="0" timestamp="2021-10-19T18:34:50 IST" time="63.274" errors="0">
  <testcase name="user_deletion" time="63.274" classname="admin_package.delete_user"/>
  <system-out/>
</testsuite> <!-- admin_package.delete_user -->
