<?xml version="1.0" encoding="UTF-8"?>
<!-- Generated by org.testng.reporters.JUnitReportReporter -->
<testsuite skipped="0" hostname="Sarvesh" name="QCAssignment.SarAssignment.admin_loginTest" tests="1" failures="0" timestamp="2021-10-19T17:00:56 IST" time="40.159" errors="0">
  <testcase name="adminLogin" time="40.159" classname="QCAssignment.SarAssignment.admin_loginTest"/>
  <system-out/>
</testsuite> <!-- QCAssignment.SarAssignment.admin_loginTest -->
