<?xml version="1.0" encoding="UTF-8"?>
<!-- Generated by org.testng.reporters.JUnitReportReporter -->
<testsuite skipped="0" hostname="Sarvesh" name="admin_package.User_CreateTest" tests="1" failures="0" timestamp="2021-10-21T10:11:22 IST" time="71.112" errors="0">
  <testcase name="course_enroll" time="71.112" classname="admin_package.User_CreateTest"/>
  <system-out/>
</testsuite> <!-- admin_package.User_CreateTest -->
